     1                                  ;asminthandler27などまだ
     2                                  
     3                                  ; naskfunc
     4                                  
     5                                      GLOBAL  io_hlt, io_cli, io_sti, io_stihlt   ; 関数宣言
     6                                      GLOBAL  io_in8, io_in16, io_in32
     7                                      GLOBAL  io_out8, io_out16, io_out32
     8                                      GLOBAL  io_load_eflags, io_store_eflags
     9                                      GLOBAL  load_gdtr, load_idtr
    10                                      GLOBAL  asm_inthandler21, asm_inthandler27, asm_inthandler2c
    11                                      EXTERN  inthandler21, inthandler27, inthandler2c
    12                                  
    13                                  [SECTION .text]
    14                                  
    15                                  io_hlt:    ; void io_hlt(void)
    16 00000000 F4                          HLT
    17 00000001 C3                          RET
    18                                  
    19                                  io_cli:     ; void io_cli(void)
    20 00000002 FA                          CLI
    21 00000003 C3                          RET
    22                                  
    23                                  io_sti:     ; void io_sti(void)
    24 00000004 FB                          STI
    25 00000005 C3                          RET
    26                                  
    27                                  io_stihlt:  ; void io_stihlt(void)
    28 00000006 FB                          STI
    29 00000007 F4                          HLT
    30 00000008 C3                          RET
    31                                  
    32                                  io_in8:     ;int io_in8(int port)
    33 00000009 8B542404                    MOV     EDX,[ESP+4]     ; port
    34 0000000D B800000000                  MOV     EAX,0
    35 00000012 EC                          IN      AL,DX
    36 00000013 C3                          RET
    37                                  
    38                                  io_in16:     ;int io_in16(int port)
    39 00000014 8B542404                    MOV     EDX,[ESP+4]     ; port
    40 00000018 B800000000                  MOV     EAX,0
    41 0000001D 66ED                        IN      AX,DX
    42 0000001F C3                          RET
    43                                  
    44                                  io_in32:     ;int io_in32(int port)
    45 00000020 8B542404                    MOV     EDX,[ESP+4]     ; port
    46 00000024 ED                          IN      EAX,DX
    47 00000025 C3                          RET
    48                                  
    49                                  io_out8:     ;int io_out8(int port, int data)
    50 00000026 8B542404                    MOV     EDX,[ESP+4]     ; port
    51 0000002A 8A442408                    MOV     AL,[ESP+8]      ; data
    52 0000002E EE                          OUT     DX,AL
    53 0000002F C3                          RET
    54                                  
    55                                  io_out16:     ;int io_out16(int port, int data)
    56 00000030 8B542404                    MOV     EDX,[ESP+4]     ; port
    57 00000034 8B442408                    MOV     EAX,[ESP+8]      ; data
    58 00000038 66EF                        OUT     DX,AX
    59 0000003A C3                          RET
    60                                  
    61                                  io_out32:     ;int io_out32(int port, int data)
    62 0000003B 8B542404                    MOV     EDX,[ESP+4]     ; port
    63 0000003F 8B442408                    MOV     EAX,[ESP+8]      ; data
    64 00000043 EF                          OUT     DX,EAX
    65 00000044 C3                          RET
    66                                  
    67                                  io_load_eflags: ; int io_load_eflags(void)
    68 00000045 9C                          PUSHFD
    69 00000046 58                          POP     EAX
    70 00000047 C3                          RET
    71                                  
    72                                  io_store_eflags: ; int io_store_eflags(int eflags)
    73 00000048 8B442404                    MOV     EAX,[ESP+4]
    74 0000004C 50                          PUSH    EAX
    75 0000004D 9D                          POPFD
    76 0000004E C3                          RET
    77                                  
    78                                  load_gdtr:  ; void load_gdtr(int limit, int addr);
    79 0000004F 668B442404                  MOV     AX,[ESP+4]
    80 00000054 6689442406                  MOV     [ESP+6],AX
    81 00000059 0F01542406                  LGDT    [ESP+6]
    82 0000005E C3                          RET
    83                                  
    84                                  load_idtr:  ; void load_idtr(int limit, int addr);
    85 0000005F 668B442404                  MOV     AX,[ESP+4]
    86 00000064 6689442406                  MOV     [ESP+6],AX
    87 00000069 0F015C2406                  LIDT    [ESP+6]
    88 0000006E C3                          RET
    89                                  
    90                                  asm_inthandler21:
    91 0000006F 06                          PUSH    ES
    92 00000070 1E                          PUSH    DS
    93 00000071 60                          PUSHAD
    94 00000072 89E0                        MOV     EAX,ESP
    95 00000074 50                          PUSH    EAX
    96 00000075 668CD0                      MOV     AX,SS
    97 00000078 8ED8                        MOV     DS,AX
    98 0000007A 8EC0                        MOV     ES,AX
    99 0000007C E8(00000000)                CALL    inthandler21
   100 00000081 58                          POP     EAX
   101 00000082 61                          POPAD
   102 00000083 1F                          POP     DS
   103 00000084 07                          POP     ES
   104 00000085 CF                          IRETD
   105                                  
   106                                  asm_inthandler27:
   107 00000086 06                          PUSH    ES
   108 00000087 1E                          PUSH    DS
   109 00000088 60                          PUSHAD
   110 00000089 89E0                        MOV     EAX,ESP
   111 0000008B 50                          PUSH    EAX
   112 0000008C 668CD0                      MOV     AX,SS
   113 0000008F 8ED8                        MOV     DS,AX
   114 00000091 8EC0                        MOV     ES,AX
   115 00000093 E8(00000000)                CALL    inthandler27
   116 00000098 58                          POP     EAX
   117 00000099 61                          POPAD
   118 0000009A 1F                          POP     DS
   119 0000009B 07                          POP     ES
   120 0000009C CF                          IRETD    
   121                                      
   122                                  asm_inthandler2c:
   123 0000009D 06                          PUSH    ES
   124 0000009E 1E                          PUSH    DS
   125 0000009F 60                          PUSHAD
   126 000000A0 89E0                        MOV     EAX,ESP
   127 000000A2 50                          PUSH    EAX
   128 000000A3 668CD0                      MOV     AX,SS
   129 000000A6 8ED8                        MOV     DS,AX
   130 000000A8 8EC0                        MOV     ES,AX
   131 000000AA E8(00000000)                CALL    inthandler2c
   132 000000AF 58                          POP     EAX
   133 000000B0 61                          POPAD
   134 000000B1 1F                          POP     DS
   135 000000B2 07                          POP     ES
   136 000000B3 CF                          IRETD    
